Arguments: 
  C:\Program Files\nodejs\node.exe C:\Users\bmcla\AppData\Roaming\npm\node_modules\yarn\bin\yarn.js add @stripe/stripe-js

PATH: 
  C:\Windows\system32;C:\Windows;C:\Windows\System32\Wbem;C:\Windows\System32\WindowsPowerShell\v1.0\;C:\Windows\System32\OpenSSH\;C:\Program Files\nodejs\;C:\Program Files\Git\cmd;C:\Ruby30-x64\bin;C:\Users\bmcla\AppData\Local\Microsoft\WindowsApps;C:\Users\bmcla\AppData\Local\atom\bin;C:\Users\bmcla\AppData\Roaming\npm;C:\Users\bmcla\AppData\Local\GitHubDesktop\bin

Yarn version: 
  1.22.10

Node version: 
  14.17.3

Platform: 
  win32 x64

Trace: 
  Error: unexpected end of file
      at Zlib.zlibOnError [as onerror] (zlib.js:188:17)

npm manifest: 
  {
    "name": "my-app",
    "scripts": {
      "dev": "nuxt",
      "build": "nuxt build",
      "generate": "nuxt generate",
      "start": "nuxt start"
    },
    "dependencies": {
      "@nuxtjs/dotenv": "^1.4.1",
      "@nuxtjs/ngrok": "^2.0.0",
      "@vue-stripe/vue-stripe": "^4.2.8",
      "aws-amplify": "^4.2.3",
      "dotenv": "^10.0.0",
      "nuxt": "^2.15.7",
      "vue-quick-chat": "^1.2.8",
      "vue-video-player": "^5.0.2"
    },
    "devDependencies": {
      "@nuxtjs/google-fonts": "^1.3.0",
      "@nuxtjs/vuetify": "^1.12.1",
      "video.js": "^7.14.3"
    }
  }

yarn manifest: 
  No manifest

Lockfile: 
  No lockfile
